============================================================
   MULTIPLICACIÓN ENCADENADA DE MATRICES
   Programación Dinámica
============================================================

Dimensiones p = [5, 10, 3, 12, 5, 50, 6]

Matrices:
  A1: 5 x 10
  A2: 10 x 3
  A3: 3 x 12
  A4: 12 x 5
  A5: 5 x 50
  A6: 50 x 6

============================================================
   PROCESO DE LLENADO (por longitud de cadena)
============================================================

--- Longitud l = 2 ---

  Calculando m[1][2]:
    k=1: m[1][1] + m[2][2] + 5*10*3 = 0 + 0 + 150 = 150  ← NUEVO MÍNIMO (k=1)
  → m[1][2] = 150, s[1][2] = 1

  Calculando m[2][3]:
    k=2: m[2][2] + m[3][3] + 10*3*12 = 0 + 0 + 360 = 360  ← NUEVO MÍNIMO (k=2)
  → m[2][3] = 360, s[2][3] = 2

  Calculando m[3][4]:
    k=3: m[3][3] + m[4][4] + 3*12*5 = 0 + 0 + 180 = 180  ← NUEVO MÍNIMO (k=3)
  → m[3][4] = 180, s[3][4] = 3

  Calculando m[4][5]:
    k=4: m[4][4] + m[5][5] + 12*5*50 = 0 + 0 + 3000 = 3000  ← NUEVO MÍNIMO (k=4)
  → m[4][5] = 3000, s[4][5] = 4

  Calculando m[5][6]:
    k=5: m[5][5] + m[6][6] + 5*50*6 = 0 + 0 + 1500 = 1500  ← NUEVO MÍNIMO (k=5)
  → m[5][6] = 1500, s[5][6] = 5

--- Longitud l = 3 ---

  Calculando m[1][3]:
    k=1: m[1][1] + m[2][3] + 5*10*12 = 0 + 360 + 600 = 960  ← NUEVO MÍNIMO (k=1)
    k=2: m[1][2] + m[3][3] + 5*3*12 = 150 + 0 + 180 = 330  ← NUEVO MÍNIMO (k=2)
  → m[1][3] = 330, s[1][3] = 2

  Calculando m[2][4]:
    k=2: m[2][2] + m[3][4] + 10*3*5 = 0 + 180 + 150 = 330  ← NUEVO MÍNIMO (k=2)
    k=3: m[2][3] + m[4][4] + 10*12*5 = 360 + 0 + 600 = 960
  → m[2][4] = 330, s[2][4] = 2

  Calculando m[3][5]:
    k=3: m[3][3] + m[4][5] + 3*12*50 = 0 + 3000 + 1800 = 4800  ← NUEVO MÍNIMO (k=3)
    k=4: m[3][4] + m[5][5] + 3*5*50 = 180 + 0 + 750 = 930  ← NUEVO MÍNIMO (k=4)
  → m[3][5] = 930, s[3][5] = 4

  Calculando m[4][6]:
    k=4: m[4][4] + m[5][6] + 12*5*6 = 0 + 1500 + 360 = 1860  ← NUEVO MÍNIMO (k=4)
    k=5: m[4][5] + m[6][6] + 12*50*6 = 3000 + 0 + 3600 = 6600
  → m[4][6] = 1860, s[4][6] = 4

--- Longitud l = 4 ---

  Calculando m[1][4]:
    k=1: m[1][1] + m[2][4] + 5*10*5 = 0 + 330 + 250 = 580  ← NUEVO MÍNIMO (k=1)
    k=2: m[1][2] + m[3][4] + 5*3*5 = 150 + 180 + 75 = 405  ← NUEVO MÍNIMO (k=2)
    k=3: m[1][3] + m[4][4] + 5*12*5 = 330 + 0 + 300 = 630
  → m[1][4] = 405, s[1][4] = 2

  Calculando m[2][5]:
    k=2: m[2][2] + m[3][5] + 10*3*50 = 0 + 930 + 1500 = 2430  ← NUEVO MÍNIMO (k=2)
    k=3: m[2][3] + m[4][5] + 10*12*50 = 360 + 3000 + 6000 = 9360
    k=4: m[2][4] + m[5][5] + 10*5*50 = 330 + 0 + 2500 = 2830
  → m[2][5] = 2430, s[2][5] = 2

  Calculando m[3][6]:
    k=3: m[3][3] + m[4][6] + 3*12*6 = 0 + 1860 + 216 = 2076  ← NUEVO MÍNIMO (k=3)
    k=4: m[3][4] + m[5][6] + 3*5*6 = 180 + 1500 + 90 = 1770  ← NUEVO MÍNIMO (k=4)
    k=5: m[3][5] + m[6][6] + 3*50*6 = 930 + 0 + 900 = 1830
  → m[3][6] = 1770, s[3][6] = 4

--- Longitud l = 5 ---

  Calculando m[1][5]:
    k=1: m[1][1] + m[2][5] + 5*10*50 = 0 + 2430 + 2500 = 4930  ← NUEVO MÍNIMO (k=1)
    k=2: m[1][2] + m[3][5] + 5*3*50 = 150 + 930 + 750 = 1830  ← NUEVO MÍNIMO (k=2)
    k=3: m[1][3] + m[4][5] + 5*12*50 = 330 + 3000 + 3000 = 6330
    k=4: m[1][4] + m[5][5] + 5*5*50 = 405 + 0 + 1250 = 1655  ← NUEVO MÍNIMO (k=4)
  → m[1][5] = 1655, s[1][5] = 4

  Calculando m[2][6]:
    k=2: m[2][2] + m[3][6] + 10*3*6 = 0 + 1770 + 180 = 1950  ← NUEVO MÍNIMO (k=2)
    k=3: m[2][3] + m[4][6] + 10*12*6 = 360 + 1860 + 720 = 2940
    k=4: m[2][4] + m[5][6] + 10*5*6 = 330 + 1500 + 300 = 2130
    k=5: m[2][5] + m[6][6] + 10*50*6 = 2430 + 0 + 3000 = 5430
  → m[2][6] = 1950, s[2][6] = 2

--- Longitud l = 6 ---

  Calculando m[1][6]:
    k=1: m[1][1] + m[2][6] + 5*10*6 = 0 + 1950 + 300 = 2250  ← NUEVO MÍNIMO (k=1)
    k=2: m[1][2] + m[3][6] + 5*3*6 = 150 + 1770 + 90 = 2010  ← NUEVO MÍNIMO (k=2)
    k=3: m[1][3] + m[4][6] + 5*12*6 = 330 + 1860 + 360 = 2550
    k=4: m[1][4] + m[5][6] + 5*5*6 = 405 + 1500 + 150 = 2055
    k=5: m[1][5] + m[6][6] + 5*50*6 = 1655 + 0 + 1500 = 3155
  → m[1][6] = 2010, s[1][6] = 2

============================================================
   TABLAS FINALES
============================================================

Tabla m (costos mínimos):
------------------------------------------------------------
  i\j        1       2       3       4       5       6
------------------------------------------------------------
  1          0     150     330     405    1655    2010
  2          -       0     360     330    2430    1950
  3          -       -       0     180     930    1770
  4          -       -       -       0    3000    1860
  5          -       -       -       -       0    1500
  6          -       -       -       -       -       0
------------------------------------------------------------

Tabla s (particiones óptimas):
------------------------------------------------------------
  i\j        1       2       3       4       5       6
------------------------------------------------------------
  1          0       1       2       2       4       2
  2          -       0       2       2       2       2
  3          -       -       0       3       4       4
  4          -       -       -       0       4       4
  5          -       -       -       -       0       5
  6          -       -       -       -       -       0
------------------------------------------------------------

============================================================
   RESULTADO FINAL
============================================================

  Mínimo de multiplicaciones escalares: 2010

  Parentización óptima: ((A1 x A2) x ((A3 x A4) x (A5 x A6)))

============================================================
